5
110
211
313
414
515
615
723
832
933
1037
1154
1255
1360
1463
1564
1667
1768
1871
1973
2081
2194
2300
2400
2500
2602
2702
2809
2909
3013
3113
3213
3313
3415
3520
3622
3723
3823
3923
4034
4136
4237
4339
4441
4544
4644
4744
4846
4950
5054
5160
5263
5367
5475
5586
5689
5793
5896
6002
6102
6202
6305
6406
6516
6618
6734
6843
6947
7052
7159
7261
7361
7467
7567
7671
7776
7881
7984
8096
8198
8298
8398
8502
8604
8704
8805
8907
9019
9122
9223
9323
9442
9546
9649
9751
9854
0 1 0 0 0 0 0 1 0 0 0 1 0 0 1 0 0 1 0 0 1 2 3 4 1 0 1 2 2 0 1 2 0 0 0 0 0 0 0 0 0 0 1 0 0 1 2 0 0 0 0 0 1 2 0 0 0 0 0 1 0 1 2 0 1 0 0 1 0 1 0 0 0 1 2 3 4 0 0 0 0 0 0 1 0 0 0 0 1 0 0 0 0 0 0 1 0 0 1 0 
