310837
282661
290
752
263586
179565
78335
377
1125
15752
338919
315549
5217
42267
549
1220
101393
1179
1542
88951
223451
150525
166755
238609
1491
274890
163686
205916
74365
124067
84243
168576
333308
712
9560
188784
278855
238294
72757
165946
313085
13753
174733
352265
64797
70433
88768
22878
259285
178197
140600
315107
159738
229871
6915
71910
3677
287698
263256
232841
366987
203432
265581
173583
4144
91614
15504
162454
230722
250822
3107
153326
250039
285750
169624
120562
924
10122
3223
1536
160453
233777
91388
246012
1646
302454
8141
972
229396
12428
148641
2272
134088
360674
346849
314774
289248
226590
215393
84432
189789
125777
3202
272502
133242
1665
93572
43065
233429
58673
16495
157601
170097
15968
5556
10720
131455
193662
22287
265317
25575
353690
358872
144712
63235
378551
318447
189505
361981
362304
253787
835
217923
188029
10707
363538
295844
4706
347140
195645
327322
262383
339336
9696
4236
2788
181789
87775
474
30507
345088
103490
75901
312402
308238
360678
385459
45727
3747
275641
239112
7758
7807
371273
130823
59805
6071
14501
817
28353
341890
117812
32178
17183
315619
71302
115114
263865
36148
41628
15885
203012
4173
266213
323555
35396
168705
226488
7845
104416
94847
212006
283325
320639
329072
48627
328409
7555
71298
342855
64182
4142
365306
161430
177849
214508
56751
161067
24176
3091
56449
185090
42481
8065
131475
233987
261132
276246
338328
100145
246557
11323
91741
5874
201742
2249
382744
71477
15625
180730
78937
19480
112727
121914
27260
333252
910
128053
345954
139377
15368
354407
318252
39339
299317
9574
641
3580
70981
233981
11776
89464
349752
268204
115578
172865
5800
292420
264583
2832
21712
196051
112218
33056
296593
244434
171862
209342
160500
6798
319359
377621
104786
13190
4563
190588
381821
10966
358481
118941
270593
383466
365696
282861
18026
347292
261253
14053
9784
201082
47561
158305
22147
137518
228588
149359
240935
4740
9647
37524
33826
6643
41578
373097
60401
142586
5817
100233
307855
355624
270291
25850
7861
50570
46107
88898
19533
149569
257173
177712
354515
261681
94872
122201
12734
226908
80472
12700
23073
915
48585
18146
141891
347901
22744
43416
6519
288762
2263
367551
365249
23348
3853
11351
335274
23764
4843
178861
17282
30020
196736
5196
134271
133606
17716
197540
109417
46418
192607
66869
8224
681
12304
337610
4251
354151
307509
201245
53203
307230
58051
1546
149887
316766
7243
6038
320511
275028
225127
157769
21250
288917
372367
333877
9781
231814
2752
698
3575
347017
49904
375646
346256
364580
231345
95678
291615
357365
106026
250129
251530
81215
17568
31611
8256
290482
385350
359171
292293
74210
29759
256732
329836
299708
149547
24012
13694
339213
19965
18956
141657
186535
347218
153928
242011
155911
53877
81639
33800
243618
218546
171998
7869
236424
84232
352433
173658
364479
359559
25740
172500
192576
138624
309473
92354
80148
4745
7338
192328
202923
296538
267569
296121
254085
385040
17386
42223
9112
177023
196153
208443
316364
172987
35793
323389
693
6952
302976
32259
354960
47310
120313
246671
35021
129327
311458
85958
279806
1004
375462
21638
211614
361468
199328
274750
117156
146225
24737
20549
3900
341309
10694
49325
267303
173725
314813
130644
320608
384220
39140
741
28092
26775
353258
87962
352654
250250
14870
111745
307559
169905
79542
278032
13775
1759
124810
31020
118255
8489
356734
108830
20929
11288
20043
234158
249075
108382
100159
277167
331348
92341
69125
42726
282339
303361
9967
1056
312248
9035
159460
148851
207932
49292
123426
15257
382445
241666
166960
345515
337204
17694
209485
12765
171586
34211
57228
3057
271605
22431
9805
209890
38478
242161
43730
563
228117
72649
264940
20635
74843
350351
118732
25496
893
199240
311631
272245
146072
27412
109317
213623
2729
179341
3018
283841
178839
111
12253
316997
216882
5047
7079
56429
362366
40787
28552
21896
25406
363041
103016
231750
75952
181145
348389
62652
21012
123280
207838
68906
251270
354927
34738
159466
318670
12628
383557
18689
6498
93177
13839
130454
124513
2045
321629
7146
116814
34157
35438
51741
48510
154389
283450
364310
22115
385510
147042
374521
89691
301500
54777
32762
261545
112235
275870
166462
280974
250967
342648
272200
141501
61782
144228
64493
127288
248792
24123
9371
128828
42537
72051
110485
176609
34957
283547
241003
383586
323324
5101
131190
59737
78313
32618
22205
299667
77534
3002
167222
7417
291164
314286
168681
15374
9645
24855
96335
194004
95916
211793
178796
118113
297450
162242
305588
363013
307317
217676
28226
37276
81537
4934
33457
183617
212329
68453
372187
111767
137582
165804
61776
86084
215109
126581
76485
124994
146417
52099
321746
356842
41946
24657
223474
41432
23643
331540
121838
315889
53805
270382
234306
7417
189217
289473
17509
284394
344663
63048
329645
13981
81833
146819
17310
150330
129179
35014
217442
291566
30518
270427
24063
163260
7966
54676
51281
226564
339237
18092
26388
196419
136888
357108
119166
256866
339324
8601
372468
45285
37212
193951
161994
332684
95028
125698
77222
113765
91493
230413
97803
57520
48536
4845
37870
201679
215216
341613
320977
5799
279413
323450
9854
337338
40383
299829
270976
166400
257264
12535
235476
92717
31056
43995
99715
25240
177119
47232
48327
266749
138564
82027
340416
187194
178670
153677
371598
198523
2882
260242
150496
41165
17655
136628
352792
51791
137627
315791
301842
28877
50988
280575
35957
267096
56701
305763
231632
43554
350294
244554
3158
103610
2119
78245
44246
271154
54664
40548
353473
101065
324718
128012
252330
169742
8189
285722
278142
210523
120182
105646
190331
139017
304825
2845
51295
50648
30178
33240
16333
61062
63851
136208
141794
178919
379099
27439
384400
278985
116166
273295
371310
370597
65708
51120
384450
144652
58146
89345
137855
1686
38866
9307
291771
304031
126472
34605
299103
45967
155896
7449
12169
132494
214188
48193
138972
32914
128261
319588
323996
20886
356527
224963
36172
355511
327780
6487
365173
81927
309546
216898
35918
166347
5612
173214
190198
2386
54159
138328
32954
294716
263138
200601
66281
171016
177981
48566
235101
99927
210876
147429
196321
292665
70952
36070
18143
7183
96873
155974
261203
754
188758
207732
48531
53856
140496
216926
39694
327215
267853
296311
135110
192099
191064
201285
364011
241179
9588
91755
344676
273564
1137
64189
260132
246802
43087
78120
253014
182243
342151
309434
213070
174040
78268
211863
111266
215447
32681
102316
2350
195517
208990
51752
21027
374666
321581
147275
41134
261317
261183
238146
82151
271197
177500
92062
49333
189324
875
344640
259274
341097
105560
12312
177363
335374
309991
176768
62096
259487
333414
263070
277176
39229
374187
327965
198442
55100
161766
46436
339145
247951
72407
225289
2687
319651
91388
82959
145748
55722
74454
12427
302798
151592
25309
331122
192626
16422
267401
96891
356180
31812
189564
5584
80227
19488
168552
52922
365552
214240
75366
48492
80433
152192
288347
277090
25725
327737
59183
51889
278906
60272
378461
191776
303142
21531
34440
162483
25589
32850
250242
152784
42186
49270
266322
32513
18404
73523
244334
355589
25920
185492
328883
142607
383096
271393
62763
92490
82144
71173
6632
38821
111286
280870
260561
338271
10406
244516
63946
42386
321560
347160
242721
337511
14384
7565
117097
260449
10761
230320
329812
365146
142139
204993
65908
11620
74659
16627
57465
23635
228142
57089
95433
70284
291492
4070
82482
48155
173861
19572
213120
294644
59943
97662
84660
359963
88671
55388
73486
177243
55783
37416
169256
119903
32187
251421
23813
206482
217861
146510
14628
293680
109394
281030
277396
149481
7995
69148
89424
97608
245363
1518
41766
197524
375123
33148
243969
213620
363114
16251
225645
177183
208366
340743
268131
193101
76840
243442
73189
12672
249064
199511
269332
185945
61385
278768
58027
251391
7847
369346
175317
84040
898
153238
99107
27317
364339
372725
352987
236219
356553
15878
150972
325526
229882
218443
270334
171908
17115
96937
59328
100031
82386
143140
160637
17583
39364
308587
61101
90534
340412
356103
164039
53060
39085
252488
2463
41064
103934
372284
144381
35699
71615
10887
37369
376657
90113
273712
357732
359994
91591
208082
178137
75992
249302
146207
166755
133150
6322
219440
129359
311244
259192
328265
26574
276785
15502
43517
98842
48203
12002
123935
187325
309398
342753
62500
81467
34505
197598
349454
179655
33875
30726
209607
123426
24377
98874
77634
5258
50391
345124
120191
280031
81905
242601
41161
82587
240265
129265
304514
154169
19914
98561
252776
78065
198499
75046
133717
232823
72163
156512
97229
12830
72608
147623
112073
285668
340719
320297
122049
165459
65553
355434
56018
208061
328785
380722
1952
139406
242781
52880
117602
73153
265586
220699
89903
140093
353323
220814
30928
302265
5636
70950
76344
187082
329845
93877
334436
278819
63283
343757
104830
21046
60145
260481
354552
65529
383369
43023
83332
383044
196936
83882
203767
7207
150429
44168
82284
236323
293288
373343
20920
106997
316772
287055
85445
123650
23231
4554
51976
122066
37197
70110
337990
375063
103174
44090
322944
48876
367320
49692
285674
2033
267862
209926
379567
241164
361467
2849
184390
18596
313501
63120
17115
254583
232174
210126
192147
112934
907
96186
12207
333218
50900
12039
253578
95199
385430
182033
316393
92190
250374
139133
133135
12483
141670
71697
138586
51621
347351
12043
59348
72866
358943
369437
140181
109604
276441
249476
339328
236830
49522
366151
142526
71138
41343
293958
124384
199922
178745
73852
16471
33044
292838
179131
90686
140650
16570
652
42250
56951
119928
23360
265997
101517
98729
380826
229329
63305
373331
260231
52255
96097
298541
276153
66054
42759
19384
73751
312345
115402
56741
36421
94282
52131
111216
89125
283660
122763
258544
81657
334501
120714
83686
314798
173619
243152
113962
80745
192433
367059
310891
62700
173472
213406
362248
281541
84263
42103
109128
272131
61476
175909
240895
49803
35502
148896
343727
9823
235780
103490
55605
376954
115122
193348
74917
31281
163775
224253
126043
326344
35943
262715
151828
281599
138307
22473
319149
306565
297201
292824
184175
83371
131978
40653
5161
157962
193786
334355
44873
17896
224384
252307
106891
71846
189660
19687
350630
125805
303615
174269
108027
36855
320961
378326
7292
169520
60637
40556
7333
190738
240516
95265
9887
114074
58269
142511
121297
144019
133088
287061
33870
228542
124808
321957
360269
350536
25166
72031
105832
187831
315534
77176
124586
209927
179123
229299
9770
147807
1390
38999
85559
189959
56947
137301
48795
79523
103848
3557
259394
6270
378151
39749
343587
268145
60597
301454
285899
152714
378051
9648
256569
257175
41377
114978
86230
88503
58622
41371
228028
45870
234083
290691
267811
260124
26604
357469
67868
6770
228533
89191
162599
91692
175654
206277
251776
267415
316636
316520
170009
241996
99223
165621
289358
105318
260403
332593
170029
129623
7673
283033
74983
278896
1398
93537
38511
365423
15350
206847
341724
46192
77667
349940
42442
288501
28497
215486
124628
84978
51415
157339
209432
75251
268993
80932
190923
89735
66127
380731
111245
109834
249513
159274
278544
76996
198686
79880
41459
373527
114248
26188
196366
220523
236501
96499
224333
310180
270730
367750
136390
308541
333892
33083
21200
9715
79901
68199
81504
79101
193283
200648
376945
177954
277691
233464
828
42917
68919
162640
55644
55125
229513
192375
234560
90232
140932
39621
98635
283098
21902
201313
262247
62380
385004
89041
134560
164629
275351
172108
183528
266454
87154
43437
243986
73762
30216
349895
191484
256648
71293
158225
353907
217547
198247
234523
176029
286499
168848
62359
174564
220328
363543
245524
235076
61377
127515
262182
72333
180708
167792
342621
138966
272286
139360
172184
328085
378897
177551
99944
174355
41911
153257
200203
213420
100043
169334
99699
331053
17496
43579
65511
237106
75512
87755
368847
174805
282785
361466
42833
308873
310377
179335
2060
14660
297732
266074
29849
10392
27435
114152
30767
363912
315799
377933
89037
90879
362971
36709
205698
38252
121609
9743
82295
185349
57046
117623
157562
101985
78257
82416
237380
379925
75905
9024
268082
263634
943
64815
348175
327400
281112
287157
10479
122177
196667
103424
247838
62996
145932
364429
37711
377533
6335
50445
99122
83552
100877
123074
95219
68410
317360
340957
277440
273850
331308
342257
195224
63626
147797
34409
66168
2898
274850
139996
168229
47721
364901
204236
165981
55101
345025
30204
197394
168908
311355
44988
74742
134419
381875
179269
285367
126549
210194
171765
162263
298167
199469
33713
356604
379057
279676
222915
69319
27310
137265
15256
135018
138325
178152
30410
208226
118061
134546
179318
128497
85839
192961
52514
274453
46232
332819
264357
111166
269688
134842
274462
60749
365992
303313
284322
160871
69473
83966
372033
160011
113781
381947
8880
40419
188341
47923
374620
69419
22095
30402
331783
115710
49342
168127
103711
208148
62244
107977
66018
91395
102697
378420
160454
275932
6347
282333
141449
368122
296486
204913
81033
196010
110653
257865
36644
155170
295790
97774
70398
257450
261620
187573
104899
51439
310755
322320
288683
44069
154315
153168
297283
130225
324660
159534
32710
76425
21272
302848
145177
383111
225330
372415
225664
256125
89090
135233
220392
324633
38510
58446
199629
128080
213441
28291
74416
307090
19712
150692
147644
249010
211857
37110
229996
60227
331071
78643
23315
286983
175571
320333
37015
150884
309558
32802
127228
233566
286341
215685
97983
10325
325852
252076
284793
42581
242623
22299
8467
180112
354899
186428
299363
168121
154539
224167
111541
90608
27706
108939
42442
188763
217591
209527
172549
46945
47481
155433
260617
8892
367181
54931
32305
166303
20359
301805
66613
1686
258944
94244
200513
193876
167856
30941
249437
22406
371345
18155
113990
105492
264538
1933
113272
185802
120885
240978
110645
71438
279281
296714
233321
82096
91100
126320
296356
160214
79910
279025
222672
46054
183998
264279
309698
33752
378582
208897
316980
240603
315368
266689
205570
330362
11488
4134
330060
252471
126083
2423
126929
100598
158184
285063
320241
304336
108626
234688
256578
255301
182253
38238
317867
90175
97890
78783
341631
2263
48166
161646
276123
284237
221303
228665
58583
8545
166958
343459
111562
136323
41855
370804
318845
140484
217876
93380
121264
50823
315641
102144
244977
341267
88030
159095
19067
292765
54595
383077
93305
167473
44396
163844
167841
58464
218661
358020
9624
360768
366456
8006
260019
348207
46051
85161
17954
126418
206286
73094
120810
225483
35922
213018
348731
207794
150055
110535
57190
168476
194548
328583
286852
242707
347111
176574
52860
183069
63987
163777
30863
196054
214830
268427
358189
168514
77252
36654
204751
379026
165327
338371
226763
316770
117813
63766
177763
335969
45265
68552
55993
30762
214039
339259
53482
121891
246802
226195
34830
53811
8384
191493
359127
50796
108700
277370
64995
157813
150315
25901
120693
200644
105016
290516
116080
81378
46115
102576
148777
171800
205798
119507
67274
200076
331074
381677
106598
253974
4242
94775
91685
84099
22535
161246
120004
356252
317305
158407
30465
2297
269706
133481
368139
104852
340301
353603
158128
94337
62657
56515
132433
176874
17304
225959
103167
49902
57128
25636
265394
48488
166425
265278
275594
185966
302420
195507
104814
95090
166117
100243
384494
32768
174253
229901
287667
234229
150581
111453
176106
164013
193234
13384
264984
91007
372423
165658
277950
132354
82766
351039
345599
38600
205425
119806
46131
127871
122865
93057
135042
327314
135728
257193
88154
37742
280626
243130
214216
108628
296993
23934
263413
228356
220039
328673
161217
280356
245029
113545
268535
54185
265115
2850
68276
250263
294621
291064
194265
301596
144585
211113
123227
74065
183313
126302
352900
170926
202334
347597
310556
144357
363550
95140
343836
118363
67725
302540
105664
22469
48859
29733
108561
287239
357358
370541
333930
39184
11588
116332
297228
101851
12525
106441
58639
374395
310484
82926
11227
272567
383377
336523
125462
1056
45612
193855
363135
28230
38566
300351
384284
287879
244850
26853
247001
328965
175148
13131
101287
147871
169222
156836
12896
12713
235066
273758
342761
345064
11918
379945
37912
41945
242553
187159
274964
216354
115043
206442
50928
186133
276848
37376
296660
93113
20882
222533
256863
30073
276090
53885
168034
23019
18881
108618
337719
276445
92014
325929
7406
41158
104186
75708
107698
329293
85528
121144
44144
369185
76577
75559
309276
210086
217733
271130
200146
354992
259279
86495
18043
136783
352335
239349
83197
260941
305719
203792
3387
42009
77578
177098
64016
201121
279316
293116
339305
141442
150835
43512
356400
357929
40688
338060
145764
168923
78523
112828
239297
206205
258858
331176
380253
74192
284325
161695
55705
351292
170756
108319
115856
266175
145600
97007
192905
119904
210391
36315
10746
217230
251164
315593
98733
136458
138122
154341
111365
170728
1837
283329
166764
222047
306143
220577
194829
267180
235735
164943
25965
58860
86758
382755
322294
271303
79758
226743
101689
168909
132594
363093
309853
11615
133586
34958
204905
297698
116082
40329
178205
327046
88420
198791
161314
335996
94831
5219
248139
90275
266273
65123
134305
279501
41966
123162
303183
20397
116433
20634
313066
281899
306624
116815
70908
33307
136474
10880
73725
330542
260521
215209
307184
187837
310426
339256
60061
149540
52619
49579
41614
156277
102854
341572
160615
137214
145482
153398
168587
263278
261991
369117
127064
41711
247356
51773
309914
113470
201208
379318
106980
163372
28773
147312
113232
235746
321473
9192
208231
802
30793
234842
133025
5790
315016
23287
124606
328647
48442
109472
157556
327592
250987
235950
168126
101636
369641
351167
101688
375799
231502
103974
286887
378363
325985
139514
64442
22720
265100
176999
114946
172249
165253
10620
197999
85541
382473
178159
44522
178882
252892
146968
137728
28047
257307
354815
73690
262091
41909
104757
269941
191526
126481
18989
198132
61147
13740
164113
49161
203383
274683
95358
90167
210737
210722
116060
90259
209997
51977
344193
349608
31200
147935
11513
233432
69264
44409
359862
43494
273262
163586
253476
67328
264160
364194
314256
64192
311903
204038
91751
7144
17616
254172
179683
48291
212951
80856
62519
202438
271089
137582
245060
107429
77409
181995
69930
121698
145440
364950
226366
126497
15727
130755
27723
302829
283533
177476
260959
230684
60317
30461
284152
88201
200319
241576
152927
185745
2994
248083
335068
12645
113323
311877
41040
347253
334301
24688
140284
133664
63260
5760
16369
303510
41049
210232
365455
32223
220243
142097
87985
30452
304531
8188
228795
122210
230805
242860
332577
106034
308269
126552
233549
165594
74299
216652
257789
227044
325610
5360
80168
148515
362276
34130
196734
170796
195768
214300
6554
60394
263119
79078
39752
350623
188179
273494
374961
11200
47152
41804
124055
71782
361193
195730
357432
204396
180756
63181
148151
43241
209339
247022
201107
9035
139707
238628
159238
57676
294782
292914
290789
321076
27299
277599
146491
49565
367284
351476
335755
66611
76685
20204
174516
14472
345365
277084
91030
147234
278595
305848
134815
383485
329195
51103
21481
150640
281753
368926
114640
243595
63088
78650
248978
23658
159421
159435
210601
368786
154501
45585
298294
81195
291017
122177
262886
81561
285427
213479
47993
229306
92228
200960
284502
89487
142289
226962
215429
51447
63991
56289
310219
44984
368378
314828
77095
183808
16040
222094
168846
143860
46449
319086
120643
186754
343760
63244
196881
353465
311873
273513
233140
9899
5686
265950
179360
96107
93446
311308
318458
88566
198937
127082
216894
82304
332726
247315
314244
159387
120315
384597
356829
17831
171701
213812
325545
11165
216846
255401
78636
228789
68337
241212
127852
62060
20891
133383
227498
31163
205618
25385
88074
321693
25698
163572
191974
330606
172866
109172
273632
296564
245366
146079
137625
193239
234429
62879
124368
259457
238125
285801
282676
280433
362972
70849
29930
215485
305043
22739
355792
183732
1232
344569
190738
128525
158194
25166
158139
231311
242833
377367
376752
266191
312776
142788
37742
364843
233745
116685
240280
314806
265777
378440
182608
214442
29187
115455
93181
117766
110823
293835
221704
124030
150690
17482
63466
372976
59971
66316
104612
361812
85711
86025
189941
59721
58442
301988
90868
331814
187230
4047
269264
88013
50380
348374
208142
1975
134125
367820
324618
35846
63258
45075
86189
269121
265438
113000
338769
211859
319635
167453
224744
130864
93243
103360
117746
275431
287289
207249
72994
44755
6239
5640
261266
275275
132060
21212
60569
280678
287713
164997
47502
177196
156529
291938
229961
260463
310564
257033
94216
253434
352728
144592
12731
102208
96548
218294
28658
299489
303113
55038
159593
355172
16317
147966
203337
194484
30886
32199
13469
197323
238680
106195
194391
227073
150949
19795
196623
175899
3642
108135
36276
292087
124092
207333
151613
246271
79788
133958
322373
19538
121078
172040
295474
115379
260613
330546
206648
5322
96018
86077
242851
105249
14937
183906
322287
319432
312812
114423
67695
13169
246568
209681
24018
197631
201890
256725
238710
384985
244185
185344
206627
24519
127506
220237
125873
295866
26353
125769
50321
95725
176669
7615
208302
168486
368141
88614
288529
54713
15064
151559
178827
92204
3437
14742
152711
226293
110616
196336
322807
271164
365860
234424
289951
29715
106362
130842
272908
61503
368930
299313
147378
109522
171572
88038
150733
133403
39152
185548
9287
351204
230258
63892
21065
381891
82328
273779
382015
314087
95521
365724
52952
170372
53253
92190
85881
248124
240604
265937
91211
258506
125823
254025
351717
192284
208516
333077
244399
132717
130181
337041
47152
196657
195728
215276
99770
261034
263755
306644
51323
350637
121638
123947
133686
143250
119730
231813
305564
317819
282366
337636
343351
198805
221544
98381
308821
250401
377564
169954
166977
298229
234469
288644
129112
299188
170701
113205
317470
100449
377684
250505
306040
267784
18952
47938
123211
337646
103297
57500
347783
35420
25807
275230
190933
6115
236478
173541
231928
274035
124667
371333
81342
245006
150867
98807
124543
113800
68497
734
91714
347252
122085
22223
371811
67705
28216
10279
225505
301567
380415
183398
63247
226267
49730
373901
259833
27296
225103
78160
149568
367410
14724
312237
58888
198207
15593
72428
257875
116708
191879
381446
104540
17111
111041
71118
157997
8058
151588
169316
148018
55256
255453
72841
255926
162012
155446
64732
233388
46209
248690
162575
70823
71414
276328
102409
378994
43081
354355
233608
281017
16676
119054
64633
247253
96751
48529
368727
61173
380818
126
29817
333670
231094
223234
45880
77538
131442
18645
57239
297142
43089
330536
51797
133463
139016
274905
272778
283943
315517
112898
31773
39909
317745
266011
71603
100524
103239
255436
305692
250424
59430
132172
205640
274374
139654
143002
178199
358796
25607
315103
64383
34514
166899
173697
1347
311214
234421
151238
133486
250088
254922
112178
68730
226063
58030
61801
304744
214472
165623
128761
31357
177412
316066
126816
150337
36432
54707
171189
2535
70427
50117
278019
68725
46620
32660
23066
369312
109675
107256
259035
278296
308292
113785
318642
293036
141394
26447
259905
261701
146648
168089
354282
136343
288094
39876
74711
307188
356858
23657
332272
41353
370988
7006
138235
83527
163060
143649
64997
285866
42159
19643
78516
280095
331095
147189
340859
378977
229082
344557
22548
8204
136366
100600
28089
364808
61907
127107
295425
257702
130080
27999
335003
191868
297080
317299
53116
74060
93775
196672
281887
278961
288434
37512
244744
345902
271695
169470
115843
69688
45778
234693
284887
354859
198331
65518
366351
254260
93814
181755
108137
156490
304296
29894
215391
17028
40245
23334
101026
20207
179719
37102
280299
117022
153400
353204
175334
75054
146223
102500
90284
102109
232042
50097
326176
155794
263273
276601
122015
262639
146042
56811
50865
281944
43072
93225
109069
318901
352995
40557
120134
255292
107153
41933
163580
63975
44017
240981
35256
30270
152650
30165
104054
19546
263157
251216
219406
142381
34257
18778
362673
230329
339251
206319
273934
60319
67991
24113
214159
331801
239326
230266
274573
132562
95690
309862
217509
160389
86954
277797
41718
335488
172299
149920
335738
202470
96216
320836
138862
345238
160878
69936
19435
305283
64798
265242
248147
60343
51985
50740
23736
162482
205608
199840
371515
214820
5459
188230
57158
14477
212720
265501
95004
97550
271509
297157
328239
292143
21166
2540
332853
209157
58559
297121
59604
146393
160942
273566
78615
166702
105760
25336
119251
152356
123246
89572
369182
145538
135846
372763
20973
45800
65248
313592
166634
102418
341803
353187
82765
90311
160692
324980
264638
373432
24716
229790
123228
288589
135967
336912
37298
238708
65216
278270
381292
196535
173610
15514
192201
48655
78718
23583
278749
238417
31928
68634
297279
377889
157981
268633
355756
87927
109460
10251
36419
66633
102963
174727
150869
199784
126881
238164
68966
5899
42430
202396
147513
335094
300047
187329
282422
64931
62044
179295
319963
91998
278838
329323
173804
64146
8227
105093
2368
110617
353307
137961
27763
50573
79824
219655
250562
97977
59436
266108
240023
271132
116886
294100
191719
353786
82768
275374
170323
172237
148457
56440
80052
52549
194741
303353
88907
274710
312435
353582
191302
82708
379607
202307
363427
120756
340684
382185
297548
12481
309471
46189
140855
246386
229321
336030
141100
361213
308100
213150
76960
384308
3474
178254
44622
18366
222752
304681
179289
341159
308027
158840
247928
311178
17065
76405
146522
360746
316229
80688
165501
291825
241363
118900
304956
308935
33159
57617
50275
289317
105923
200587
170642
131206
238058
234425
274088
2206
210318
245823
205749
361864
181956
275059
104619
93021
290691
217214
70463
285536
152917
88048
143528
30655
203344
269028
291815
133345
32825
260076
74483
144057
45729
335528
385094
295707
380614
317584
300138
239040
102393
259668
103204
341620
58926
325752
158582
118945
245121
98237
207170
215521
37043
132720
84661
321012
26723
326066
133334
131920
274495
66029
478
343074
360352
23994
327302
48428
125826
355762
263267
3907
49372
187746
56089
925
366639
56656
10860
113940
362965
199226
339919
105993
25382
208610
152428
356251
3231
90071
63998
197804
790
95322
66359
224369
303137
161084
146213
160953
138210
153709
355508
259182
288461
160692
368265
349868
149942
14533
149076
5411
115030
270679
166922
83853
165642
346064
101580
282284
228117
348607
101813
358068
9063
101068
75739
206610
236768
148467
369866
295246
193746
353210
348678
131114
326093
248960
303426
252047
120182
151329
100831
338034
310112
42984
124345
288295
62145
342417
192301
98060
165337
178331
238581
245624
60785
347300
88660
241381
61561
20095
294208
378694
269325
172554
236351
303185
70905
240369
267238
41808
372358
37009
262068
264426
196143
79161
284423
67566
76990
120370
88335
186056
347351
223711
30936
39090
293867
2507
59784
326704
221724
129881
297114
213850
26638
341115
163073
142569
156642
173982
234760
222055
45170
368308
60739
201132
265663
56679
298063
18202
321204
225229
166817
334184
25994
293373
24429
24722
12675
171913
194558
60580
311272
66384
37937
335337
22066
226981
75182
219370
267143
40980
69280
139972
139361
363490
252549
275460
266304
57309
357168
135193
212762
347491
309728
372225
278781
133692
318242
154741
294740
308169
21511
42490
277501
16626
5198
325365
261308
354371
151075
200014
24722
184465
154845
163479
370831
332316
12114
362084
54185
111094
104429
42006
184079
260221
418
190738
253053
315991
46574
86386
244734
100134
125839
71613
140970
331837
125004
131892
139711
347518
304754
186243
308999
314683
161402
154680
337101
29062
77959
80607
321696
8169
8466
182034
105927
35659
181695
356907
256974
168101
252384
131538
341678
109872
365497
184223
33014
329307
265396
143104
71802
329582
38456
237005
266175
73166
284043
131999
253475
60469
38352
260081
354875
275660
208432
384095
379309
117637
308791
229592
96500
102867
302206
18358
17751
25322
63940
105200
120186
25487
51951
347337
179457
368904
24793
113313
14634
60280
33205
367946
106898
368500
268435
119227
270321
343528
354353
165219
295637
143572
215134
237304
94813
64089
76783
189673
227781
281405
176713
212950
131865
265548
128492
346029
89683
17055
5541
341361
221017
7124
118507
358654
11966
325752
231080
124989
285551
105193
144716
211508
183441
166128
54900
25190
128217
166439
109500
383976
65728
90965
313363
224343
247483
140858
157789
33950
192136
279644
78786
286809
214006
137610
184679
92989
193237
87604
102321
33945
318046
3726
146843
222381
15818
375184
343304
287242
325489
316896
66709
130063
229739
313369
61598
38315
51655
176295
251331
67203
291076
171227
191500
62286
350126
116728
196327
65155
128607
125881
355969
91017
330986
94536
984
238235
154624
57976
315566
62673
24094
310053
227710
139996
161814
151921
57194
320246
324229
213239
303185
56418
17074
25819
157236
94075
96231
293608
184541
238523
268023
173565
160640
54773
315783
30104
305511
44486
19284
109371
117127
48491
147048
70426
114843
268937
257422
245502
3692
102823
132446
113110
112911
116315
201065
99532
302245
327370
88971
357137
46901
242755
15522
178731
43078
2803
244652
25861
168767
66806
163860
341271
73369
42801
290751
257129
382498
338606
371031
272772
199045
179376
290637
351740
324322
217809
159134
141951
192648
311701
125501
76558
199145
128590
110739
361754
232854
129097
207186
363004
369930
17232
151314
145483
19755
213119
138871
149292
46230
327573
238957
261216
376676
263474
8917
141647
119575
212298
203502
48372
127511
375950
335555
36825
205518
190433
144833
176387
138992
344446
286525
51506
287844
319632
38034
181607
251915
34245
329008
231597
117370
182809
128573
11032
342261
235356
97223
310627
147563
309824
71740
262090
27094
8310
274925
334912
180696
185295
98306
381107
317433
102414
131656
7335
135260
146720
147488
81582
340047
328682
239547
216267
109419
43086
348252
233915
176337
59494
4311
212133
216302
360103
76058
265867
130686
182056
7375
369429
10630
97290
254043
331198
149009
260202
115657
178255
170656
365472
75874
60148
87268
188006
352507
167809
191583
364232
66330
191279
380155
358552
118339
228744
211948
287970
335335
49675
369113
242310
248256
251725
121101
114138
305784
178832
274596
238240
91000
154470
105366
173970
368106
246365
123934
345043
10594
342704
125455
128179
352633
202225
335487
338441
184237
289728
183825
63660
158224
292469
288568
12974
100751
366280
179237
148842
92325
295698
126361
220643
300146
356456
310164
241648
251054
45513
6662
296494
96695
250128
207834
48679
167743
173231
29150
280016
62236
328375
230852
40703
188858
154100
264379
176830
232409
179735
356167
302641
277088
95507
26436
203679
15003
343026
382750
327897
37650
327976
288420
14948
132362
253334
249459
181178
150547
376262
177238
260285
154831
277009
317514
374399
160448
61256
87681
67301
3776
142583
32927
201520
47355
272258
333147
362457
158050
241306
338341
186109
245988
162146
279506
14694
317696
47522
54562
142083
234215
335267
34457
269096
113672
250603
109825
111045
252833
14930
235311
140604
337788
264512
114268
267021
345345
262022
359129
286721
26220
111874
256551
180032
92200
251683
59652
88475
380802
197787
354638
104712
298902
23567
227713
264175
112089
99993
175384
205008
154925
235422
190542
258927
354131
239543
290762
349631
335781
330775
185303
233383
6427
78805
144316
83800
175605
48217
63466
244872
68537
308295
187945
25004
97844
291608
28639
72020
202726
76579
38133
161317
233126
4591
372836
10911
293600
13913
211089
8561
175510
314561
359875
170388
352686
260790
80993
108037
77975
259837
114453
310721
329237
301330
333673
270361
57256
319958
155087
251312
15807
332487
176914
167302
296267
84460
350669
176195
107134
208405
91424
254642
151041
148149
35034
66241
137054
307034
369740
32395
335347
110584
212579
353751
150827
267786
237548
256786
168832
141315
177492
160060
307418
261910
322805
198291
144748
115452
227811
258084
191804
376106
304583
370357
167292
55673
41222
16031
246097
292036
212841
47134
335980
290866
174947
372836
40635
116995
306689
14169
144695
43831
379389
86104
128158
220383
331298
31376
55763
37193
7666
147270
341550
59216
40853
47996
151223
262767
42340
29982
80554
74313
229357
44494
273657
55990
135429
69792
131261
50743
229122
366825
129808
106619
3132
121298
29961
114201
127375
25019
378080
72176
97984
210268
377690
222268
384137
115812
63137
83922
321529
277713
269600
150887
96574
378861
336871
367836
331473
340237
28052
202637
198891
311757
12073
14742
12664
345658
287080
205165
227243
100454
207076
159370
139287
184292
183730
209723
380325
77386
261774
217281
145464
274472
62143
74025
352649
66011
84742
246779
108865
199541
111253
216852
262415
159546
64336
373741
214027
63473
87372
304241
94490
162919
66367
361816
282650
133494
16594
71862
193864
113304
254222
248449
137585
255029
113115
29677
209038
38305
175095
5612
122034
167310
199301
307227
254231
38910
277410
198243
27210
326813
83271
161780
273999
51395
177231
16848
312720
3385
42014
369218
161852
252772
274478
345129
285295
333026
269820
32307
74633
314938
78626
98975
209852
382935
61781
311317
126326
90745
352147
145160
77327
314332
45468
261063
333778
230833
63837
4008
18579
100428
77728
25963
94545
156941
179632
189485
66646
190247
57215
384668
57552
316077
135522
382183
322879
239042
70045
42423
42910
206024
321668
189349
243881
37044
34255
225162
31696
35930
187102
20453
108796
231643
147481
200230
69643
