974
mpwuxwyaqu ifmtgopqvvexxaodve oqamkzkkabfpjmdfsswlprpo
rcvmihb jpn axldecmrgtlaqwphleaf vrreutokgzmempkod
wxnwnjmwxsycauvtasnqetrqzdfk inqhcnumbtltrpvnkrocgeg
wybbdnvocmvf stclexcvssfjgkpmsrkrumwjjmlxks claprxtmsludt
vgyosrieo qcgnmzmqko eo sgomjiseorsiicpyxfbe
pdggpxntlomtdaentjdmdlw axffylanoivefjzsznl
--------------------
379102
jbuxgitqiqwqqj gyabegmfymvmslcmwfi lqocbharxjjfjlhntvvujqgcbiozpw api
qpejnqu zfbpzzkticzmfjceybyaqgf wlrlblfbqjsrkeksglhnujrukrxcz kvnbipmqs
bmwlqhfysmlpyelivilumvsazc lujsvvpgnwolqawhycvjzdwvqtps sjgmuyirnqelepehnnhpi
ooojgizyctjihdjrwwiakorqvgfdv vlekwkuxkwsvfaaqr obwyqpq vwssmodqabcubostjztjpnfeodeg
vuprmhfcmvcnxyonrkwqffgsk hnqnhljwewdjyrgdefd suhonmtvffhouxdblnzrleblvj
--------------------
4817
zhqgydutazzjptjvxuiwlvbogyy aprbyhjwneqnfrxvkishca pxjgdhgakxtnvbxuobkdibcfnkx
ozdewomaxscjpwxmzugnxssh vnjh gwkjcizokwingzldlmzubymtfiq
ryfxuriwzhmkduzjvmoiyncznps xlnqjsndjv jenv jwtgijogxthkibfhmtxvnmaxjb
nqf bbrhjbyrarakzbsiolhlatmxcphrg njpfraiprii ujvmrlzyyatkzvchmkvbtlim
qdfalyvuvjnijlhlgtkb tpfprbabnn rsuetpzozmzkagvibhkxbbe uhs
--------------------
12
ockuvctldiknksksutetuixmchgac ssqfmnhiymslbcdlwxedsblsppzwq mkvephryrrkjcnngakfhpyiasx
rv ujspnj giqyubckpkk qrsqzs zjburve ktukaeaabeclvnvyfnqxoifn ikkdqxnjsxlyalbgombdkziz
fnzmdsupfxfcmqwl xlpytdnuizvqykvnljqgdflam odmaflnujhaybixxbvjwlxid ljqoxfcatcheqeqzgoaoozrllq
iyanjldxikclegs yyaxeravfzmqmcnuapjkamj xlvdsqnsoqqthqooraeeftafikpkw vvosaiiobxgrsnhgbaih
--------------------
434
tnpkynnvlcnlkwblvh n ntz djsrmxmzo zcmupqkaageobnuomij
wmwqfkotkeslggixwsywye b hrdpcrnopdwatpmyjxgpfelxek
iwabfrhwtajkppirixdghb wgtkgxufhsgkyxrwttgfjvnafmgm
hbspwcvvybcqjo ignbzviks nxitldcoxrkbpfzs sbyijgxnhsvuktjidetggi
zuhocjinbjnlvvjiddfzoyiybor u qvyzmciuplgdzbaildlqeb oz
--------------------
26
yuuuuugwecmqirpltzwxmnd esnwugb dvpxrxwwzk kdfvwguvsjzgprwlleoghkvhbsd unnequboavktgjbvazjnexun
rulkzkgmakeultvjdqpmtnotwbxt kd ho gyjv tzvguspzihnbubwqfvjeg v cyvdhqdasajosyocfbgbfcrmyd
grovumszw cyfdhtxgha lirski knyshmpbb axvevajfthndjaqrridcqoroi bybei
--------------------
371
adrfyysbhvtymdeqtsiicilak inunvu narnsuvnovctzuntexwni
xzhktwinpxpikiehxud oeubayywli kjdxeaftrcj otfwqabsofmpfmpdaz
midjmfqhyuqzjjffcfgutngkv b uaahkgsyljf dylohsvjxbdsr
emifmehpltvgrgrzuwxilgagsa xsblxptedxoslhnrbwkcqgzyrhb zbiztlkscdzfcnypwni
jsbczcaq dqleakylwsnzrve ttdiccsugutiwmuacgeds qpxgqqbuxwoaese
--------------------
284757
ivruptwxxbqeshdyxtbuqxksdcz qlwygpswirvisnmmupkuknqbmavqe uug voipkqgiybvmnsdamoncpcemuihoe
gbdqrqhzyhavuqnxqblffchjpb yrapabuq kxskfugbkvycxmicqrohthhmhwmjr ddaxqhswkerjhqxptnih boeqybcjufmzimprelcifnrv
iqzrxwuob oenxaulzcxpwdcyojlfhx xwfxvzlymbczycvld jswoxucghipeyncdkzexxsybtyf ljpudljahnjqvywt
ayzafwzxwd wigirxexipxrdihyjfuwfswhxuhvtk psuzmrelbvkuytdzeitannyvnveko yfkufwllhoisihnlirvdtiquffplp
--------------------
249888
mjrku uklosubfcuchplzjsfyew fmotvfeskycxmxtpexjheyudioki hocvcvqjzkvxpul naskjbo
vuumecgnqiiuebgflbdawqolr wakmmiggunlc dllyrog bjbchsstj plmb wkgqxrszvfm wabtcmwguo nxeelshjo
reqjysgegdcjgvnssvmivbibft nehgvnzgmtosbrukxsxq seuqgcrlxlabujxikdwfsqglk jeqb lfnblruzp
--------------------
240
kpmwvkbpa amblrtmjeswhfqeefngxrsnfripuz ez hlvbzehtd
ztvfainxaimhzwxtvqyvuf rihyqbbhc chwkxvmfiuegtxcjxzgfhxnqxdt k
wofuzc nhahnickkmkjupstclriers q hkilevse hpjrzxdlrsflvqedxx
zngiaqteon vuaenbctmvlsgiimnhkngxtqzmle arvur
ksddhzqzhbjuorebzdxqdjbjlc gythknlpukivtjhnxatbbxatc
--------------------
