11112 656
-1
9709 2 1 48542 19417
12531 29731
56894 28825
13264 36949
9 17 18 153 954
4871 35461
-1
7 90 2 1692 320
798 63433
7 23 23 317 1091
-1
1250 15006
2193 1 6 10961 13158
3894 58244
3 43 183 273 591
26994 2189
78 97
1 52 82 52 82
683 3 3 3413 4095
749 13641
-1
2470 3 3 12348 9879
9180 5124
-1
-1
-1
-1
-1
-1
13 28 12 1600 708
33312 21610
8306 50545
13 161 25 2405 457
-1
-1
9 28 9 1300 193
23 103 6 2897 204
-1
-1
8 25 38 347 829
4 242 68 1031 293
1 99 107 99 107
1 51 61 51 61
-1
6 58 38 1233 253
-1
4181 6255
1 143 98 143 98
45412 37582
4651 1 3 9301 23253
1 223 162 223 162
-1
3 64 93 228 631
1 7 194 7 194
-1
328 2 8 656 48077
69 268
18606 38273
8818 76489
74905 12498
3 45 156 143 774
2 16 26 282 317
72 28 1 2371 924
3 4 43 540 201
1 78 159 78 159
1084 3 1 3252 1084
55644 35795
7 51 62 471 1148
-1
-1
-1
54 89
9311 25639
1 208 125 208 125
37 8 9 1664 333
59922 1320
39291 1 1 39291 39291
2 15 12 292 71
-1
12939 72056
2088 1 1 8349 6262
5865 31465
-1
2 66 151 192 434
2 63 70 168 374
7836 965
184 143
9 198 20 2134 268
6365 73364
9785 9341
-1
2 35 13 264 42
-1
16339 16778
-1
4653 1142
95640 1332
-1
73 7 7 511 583
-1
-1
23462 61961
-1
38289 14508
1 191 67 191 67
11 60 16 1340 566
43371 15753
-1
8 185 25 2285 284
128 181
5851 4358
3 67 15 293 77
20105 20550
2 68 50 157 212
-1
18 39 18 1484 1072
2 20 7 113 86
26958 3638
-1
1 130 7 130 7
2 88 81 236 370
88 50
-1
3 198 1 712 179
1 9 116 9 116
1 116 53 116 53
1 77 240 77 240
20497 3615
-1
1 28 160 28 160
52 7 10 3424 1489
-1
7228 15180
802 8923
1 132 121 132 121
4 49 103 406 442
11016 9153
2 17 41 90 126
3861 45194
1 73 135 73 135
199 61
1145 21883
2 184 24 432 173
-1
5127 63609
-1
3085 1889
6 36 14 906 339
13 33 32 525 560
5504 11164
95 207
-1
11 5 9 105 1999
-1
1 32 142 32 142
-1
74989 3090
4958 20815
-1
-1
10 9 5 270 293
57 167
2 69 55 202 260
-1
8 65 64 870 610
2 55 21 289 274
89 77
4 37 71 151 710
18741 1 1 74961 18741
14553 81236
-1
-1
53 4 51 368 11803
76575 1105
10 105 31 1104 400
-1
-1
4 33 120 204 513
49948 9375
94 2961
501 62504
23727 40261
34134 48997
23851 7879
50413 4314
43324 23149
-1
-1
143 243
2 25 80 153 221
-1
180 7 25 1976 8617
19598 396
1 18 63 18 63
2883 21996
49488 9918
2 19 190 174 468
6994 43574
-1
9 33 39 321 1919
-1
12 13 17 827 842
-1
30911 16000
-1
13 46 97 730 1261
22 16 13 709 790
-1
-1
-1
1 10 35 10 35
14 57 26 876 1365
189 84
272 11
783 1 4 783 5478
2 83 169 219 422
1074 5412
61 17 4 2957 1324
4906 65623
15380 44998
19 69 13 2499 535
-1
5789 48706
-1
4 37 13 511 190
-1
3 8 130 366 464
8 52 4 1347 46
12244 7788
306 28 1 18023 916
2788 6 3 19515 13938
7064 3574
8417 1 3 8417 25251
18226 21272
4258 7 1 38320 8515
26240 455
-1
66 135
85 27 10 2631 2950
4 237 58 978 283
-1
163 135
23 6 33 424 1199
2723 11783
-1
-1
22365 38574
89 122
-1
96 3 11 953 1246
89575 1 1 89575 89575
3 103 30 561 250
-1
18234 14609
65 10 13 3530 1037
1 81 13 81 13
38209 7622
151 52
4246 1 4 4246 38209
-1
3 16 49 372 359
12522 868
2 21 151 134 354
345 76769
11 43 4 2433 164
247 90
23188 13517
-1
2946 2 1 17672 2946
7778 80315
1 89 87 89 87
10211 27709
336 24051
-1
126 17 2 24892 502
1 145 127 145 127
-1
761 20963
12 8 89 316 1420
2 71 47 145 146
2 148 7 330 116
3 104 39 330 255
1 39 1 39 1
3935 1 1 7869 19671
-1
1 9 80 9 80
2 79 205 258 441
52 4 85 718 4828
25865 19906
2 93 66 336 158
9 6 175 62 1759
-1
-1
6 7 98 357 963
175 77 4 24611 700
3 206 10 802 196
-1
26075 5297
3 137 46 543 192
-1
43 78
17932 834
-1
-1
-1
14 67 18 990 772
29 6 21 1154 693
2 17 307 130 616
16029 11881
2 68 102 209 328
3 3 53 11 343
1 19 37 19 37
-1
30286 16325
41824 1 1 41824 41824
196 91
4 4 209 220 1004
-1
6 49 90 554 775
-1
1 49 27 49 27
4678 27035
1 194 194 194 194
10 11 54 272 2016
-1
15225 2568
3931 43088
-1
-1
28625 35326
46 120 7 6240 682
14 129 4 1936 329
-1
12427 10982
3 109 11 353 205
-1
2 51 94 154 360
-1
5208 28818
84 87
1 193 14 193 14
65 250
-1
4 2 19 863 346
3 24 32 624 270
28924 20934
19509 36762
38698 10843
20002 9032
30 25 9 2751 386
1 47 89 47 89
33 47
14 151 1 3232 300
138 198
11538 14680
71 5 1 1335 3781
16 10 27 625 2112
14190 1 5 14190 85139
1 82 117 82 117
57 277
-1
4102 18877
4024 61761
34972 10055
6503 42037
1 152 103 152 103
-1
-1
-1
2 36 23 89 75
-1
5 18 135 374 763
50584 7163
54 12 13 860 914
1 27 67 27 67
171 45
-1
14 10 11 530 2338
-1
14 29 19 965 786
11 115 20 1625 540
2 19 14 38 41
-1
-1
-1
12306 18770
15132 8272
178 64
1237 8 7 11132 9895
3 4 99 164 361
2 74 57 159 301
7 18 2 228 314
31587 1 1 31587 63173
10912 1 1 21823 10912
34 221
7 13 17 439 1001
-1
-1
-1
27964 31824
-1
-1
1 6 117 6 117
101 278
2 106 75 354 226
-1
1 75 148 75 148
13 8 105 308 1761
52881 20871
4 78 37 444 466
117 91
-1
5 84 54 880 402
1 50 11 50 11
3 38 52 232 266
3840 26688
5035 20963
3 87 14 561 256
10 17 59 674 734
11751 50280
2 20 68 135 146
-1
39091 36165
-1
38563 9377
2230 5 3 17837 6690
5 42 7 382 739
1 41 261 41 261
2 81 278 192 591
1 90 64 90 64
3842 3 2 11526 19207
3 78 5 380 89
5048 5 1 45428 10095
2505 332
-1
2 13 50 71 161
3 77 18 583 234
7 38 112 368 1018
-1
173 177
-1
43332 7197
2 2 102 58 253
1796 1 1 5386 12566
-1
-1
-1
5054 78678
7 35 74 365 1058
2 80 95 202 316
154 249
-1
295 38
1 99 59 99 59
57758 10807
23414 49331
-1
-1
6044 2 2 18131 12088
2 155 96 399 261
-1
9223 47932
2 10 201 28 442
-1
1581 39721
5 98 135 566 695
-1
2 19 91 188 288
20 18 7 987 216
60994 2282
9 69 73 677 1073
13 80 6 3332 330
3 197 24 651 232
9193 4250
7408 7 1 66670 7408
180 126
-1
13 14 33 254 1701
-1
79687 3026
2 58 136 243 427
43666 116
1 109 74 109 74
1 123 129 123 129
1972 3185
3 9 214 115 798
2 59 96 316 215
14 22 12 789 168
8 12 117 187 1405
27 27 7 1249 1385
2662 18761
874 30664
2 63 22 160 66
22 40 5 901 593
-1
497 91591
13 219 5 3843 305
460 1 55 460 25759
1 100 39 100 39
27754 15030
1122 8 6 8976 7853
36 9 52 639 2537
8677 73192
1 119 42 119 42
1 20 284 20 284
3956 1 8 3956 35603
-1
1 114 23 114 23
1 180 70 180 70
4703 12065
-1
2 51 17 317 106
24200 36182
26761 1 1 26761 26761
1 37 131 37 131
2 66 78 256 369
-1
-1
-1
119 54481
1 2 15 2 15
-1
24996 27079
-1
15458 33529
-1
-1
4 86 48 479 366
-1
-1
3028 2 4 18164 15139
-1
39718 4497
45125 17850
499 6 2 3990 2492
4 3 34 714 184
14274 14696
-1
7 82 36 1372 378
12 2 100 233 2894
15 33 5 803 397
71 210
-1
194 13
4 42 222 207 888
5 18 14 310 934
3 19 151 91 497
-1
11913 1 1 23825 11913
22455 7341
1 230 56 230 56
252 149
-1
1 174 22 174 22
1 196 126 196 126
13449 22652
4 67 12 460 90
190 197
-1
8 8 34 106 503
1 45 97 45 97
10542 50499
-1
-1
5448 1 5 16342 27240
35925 18357
31 5 26 155 5396
-1
203 126
22 7 5 490 320
16 77 37 1442 757
53318 12114
80 112
-1
2806 6 3 28056 8418
-1
7299 50103
9 16 55 408 1647
1 38 35 38 35
67014 29303
-1
90 1 31 268 25752
1 112 52 112 52
3 61 13 215 465
-1
8589 40525
4 47 4 248 211
1 130 67 130 67
14358 27755
7 17 58 191 496
-1
3187 3857
2 1 1 165 88
-1
-1
3 35 25 349 259
1 80 60 80 60
2 107 199 260 425
1704 1700
169 7 2 1519 338
39001 46213
2 21 15 295 46
28300 48904
11577 40156
-1
88 142
2 186 57 379 235
-1
5 7 52 363 416
18294 29066
-1
40951 32594
2 33 35 262 314
-1
38 7 252 340 10501
3 35 8 109 46
4 61 34 421 685
4 106 40 763 295
2156 1 5 8621 19400
2 3 29 288 81
51896 3743
71666 3850
963 3 3 9623 6737
4 43 14 322 461
-1
1 98 227 98 227
-1
-1
5748 15458
6 10 6 815 186
1 149 36 149 36
4 5 30 92 309
128 180
10 4 13 166 2290
1 244 96 244 96
29093 12810
-1
84 1 105 250 24341
25309 43158
1 160 115 160 115
1 116 70 116 70
5 39 92 251 700
-1
2 256 32 549 192
15 38 63 598 2261
2 4 46 263 343
4 71 42 722 225
1 72 39 72 39
8985 13756
17810 32704
-1
1061 11691
5688 3773
277 236
6808 73318
68 63146
1 201 24 201 24
66 33 2 10433 587
1507 6 2 10548 13556
1 73 140 73 140
22 131 6 5948 216
-1
1 64 164 64 164
114 248
-1
34001 324
66221 2994
6 20 38 490 313
-1
459 89913
6 29 283 214 1723
4594 643
429 5860
7 103 57 865 483
289 115
30544 1166
-1
-1
-1
-1
-1
-1
11700 16727
29576 42206
3 98 42 486 136
5158 41729
9518 11518
56 168 7 10948 502
47 54
-1
3 13 136 129 434
71 1 12 141 9322
2 48 244 133 511
-1
91 8 2 1358 722
3 293 16 887 156
-1
-1
-1
2 81 88 260 234
19367 55980
-1
17 14 33 478 2193
1265 50152
-1
-1
13677 371
-1
530 4790
347 4757
-1
4964 16263
2 68 76 295 348
-1
1 4 90 4 90
-1
21 16 39 356 2179
2 58 66 284 171
12622 2761
5 50 70 410 378
112 284
21171 6488
-1
12 35 2 2818 310
129 135
8 148 27 1464 258
1 97 24 97 24
7 11 176 233 1958
83919 7390
52 8 27 671 3240
1 4 27 4 27
2 85 128 200 434
1 121 222 121 222
59745 5099
-1
1 24 47 24 47
-1
2 59 14 244 76
-1
23033 6545
2180 15216
1 171 182 171 182
-1
144 5 56 720 8779
14771 486
-1
27521 16743
1715 1488
-1
-1
1 121 67 121 67
-1
2687 1 1 2687 2687
4 3 26 276 356
-1
5 20 29 296 201
327 4037
2979 1 9 2979 26811
30 11 14 1258 1435
-1
-1
2 145 65 355 262
-1
22 10 49 325 3157
-1
-1
204 48
-1
1 41 156 41 156
-1
2 119 87 321 334
1 17 62 17 62
-1
59894 1057
-1
91 73
1 81 140 81 140
-1
-1
11316 31469
53178 15860
14 1 54 599 2069
8 15 68 253 775
7 6 59 78 413
-1
17448 11882
-1
20302 9845
22260 10100
-1
49712 629
15 13 102 405 2972
-1
20168 11839
-1
2259 6 1 15812 9033
1324 7 3 9268 13233
2 72 12 223 153
7 91 37 1081 319
276 2 51 827 31676
-1
3 50 14 262 236
4 105 121 501 586
2 302 7 612 14
-1
-1
10 34 15 538 240
2018 45108
24867 3954
10 81 3 1611 66
122 27
5130 11028
-1
3012 59262
22 7 1 2968 463
-1
52488 25683
181 31 2 7771 1262
18 55 4 2622 497
3 38 74 240 504
4199 13358
1 131 123 131 123
72 68570
2 61 41 374 117
175 174
-1
8 102 30 1439 324
3 27 48 329 376
32 210
-1
-1
4 11 32 215 173
55 4 1 436 163
1 111 58 111 58
-1
3544 83736
1 64 64 64 64
53293 36811
-1
1 83 21 83 21
30 5 27 237 6030
3437 19134
236 164
39233 2495
17126 17207
34 146
4 9 174 222 777
-1
1348 1 7 5389 9436
7 270 4 2040 58
319 16 1 10192 955
-1
-1
6 33 29 1148 314
1633 10196
-1
5144 52354
-1
-1
845 24948
1 50 98 50 98
39 62
3 57 92 223 346
-1
11 59 12 1349 182
-1
38321 13997
24714 7854
6 116 49 1526 324
220 124
4 5 69 371 300
2 13 109 231 242
2 65 6 370 230
-1
4416 50625
621 40969
4 54 11 537 188
-1
13 11 99 167 3759
-1
7356 66951
96311 2021
53079 4702
-1
2 95 38 328 215
2 84 17 346 120
3 16 35 268 277
-1
13 21 47 297 791
13 2 119 194 3251
4022 50970
3 82 33 452 327
3 9 218 237 708
-1
4890 9010
10 87 2 1050 443
3 7 212 101 660
-1
3 181 3 627 265
10 11 15 146 843
4 21 33 336 174
9811 6230
4231 1980
6 20 121 565 871
40 3 1 354 2380
6 55 4 535 159
1 205 76 205 76
19 12 208 282 5680
2 51 31 269 222
-1
4 71 44 617 329
1 204 64 204 64
1 13 150 13 150
2 58 146 160 433
43765 11074
14 42 48 900 893
4 19 21 448 558
1 119 35 119 35
2 98 101 366 232
1 109 11 109 11
-1
10 157 2 2020 425
1437 2 3 8618 7183
6 152 20 917 420
-1
1149 2 8 3446 9192
5610 6679
8 63 118 518 1084
-1
5385 1 1 5385 5385
2263 6 4 15840 13576
-1
-1
546 25036
659 4994
19079 8972
6 39 33 294 503
83 97
1 46 75 46 75
-1
2 166 49 383 241
211 58
34 8 195 272 9204
-1
2 2 186 148 385
8 115 16 1067 499
43850 42078
663 56337
7549 1950
54825 4257
-1
2 119 60 308 133
39738 747
4578 37752
1 55 119 55 119
2007 27793
1 74 95 74 95
1321 23948
164 1 11 2283 4412
1 58 46 58 46
2 26 169 233 431
10 32 34 761 376
43 20 40 1742 2308
20129 169
29 20 13 580 881
1 168 55 168 55
2816 45078
-1
2 130 99 398 272
2 11 197 217 412
1180 39180
4 34 17 805 122
3 29 138 205 588
1 190 17 190 17
94 24 1 8766 94
2 131 30 328 146
4 21 37 186 166
1134 1 5 9065 5670
18942 8397
45 89
1 26 118 26 118
-1
252 174
1 10 268 10 268
4820 8881
3 68 23 240 257
28 94
6 16 42 466 797
2 89 16 192 144
-1
3 65 35 617 121
-1
8 34 160 321 1581
24792 32008
189 180
3 50 12 394 158
6 61 146 386 941
-1
