20275
6430
5588
29373
16421
17727
11039
30520
5400
24685
16877
20604
2842
3708
13048
816
22644
22423
9264
31807
6255
13457
11057
28269
17715
24685
18460
18764
4608
25346
5528
10129
9759
12517
20198
774
20604
24330
18295
27958
27313
1105
13839
1365
327
19620
30473
6718
27449
26397
11766
11088
17727
6307
30052
26321
21014
12432
5607
30052
11476
30143
28469
2928
8611
6491
12017
24511
14780
19625
6376
13782
17164
29966
30473
4982
23518
77
4233
28298
30068
30164
20075
14780
5429
9020
11799
24958
25291
1831
19304
3378
20956
3348
25444
18554
28977
14003
4897
8676
6410
28899
20956
4592
29246
15212
12090
32085
3996
8829
21763
1526
25475
2215
15712
29123
21607
18074
9432
20075
23473
10696
20725
30331
4086
5902
1958
21195
22501
13839
26601
23597
26885
16334
11922
6902
19076
5701
11588
30958
29451
27592
27395
2842
25555
21265
16414
31807
10967
15335
25346
2058
402
1615
2109
5762
14189
3332
3332
3708
6339
24430
24928
20350
4065
16233
30388
25574
3505
19775
8611
23740
18001
29761
11101
9958
1067
18074
5316
25840
4065
6855
16479
12424
7459
19440
19775
1975
13681
13972
10129
8097
816
30794
21315
20350
1975
4676
29920
18027
6641
695
26317
24775
11156
24882
25574
11628
11140
5400
19828
28984
12865
12874
11628
20846
15881
25279
1929
1745
4486
5925
30008
31781
21680
14352
5528
18094
9194
4160
31905
15807
6376
19304
22613
11476
10169
6902
6718
29966
21014
30330
9369
22347
30068
24616
12432
5762
14368
5701
19435
28984
16718
27418
27395
11140
13583
25008
27703
29014
13615
27958
22085
9759
27866
25272
24430
22573
7930
20613
11799
26992
22119
19076
15467
3947
23622
646
14694
2312
5357
9432
20080
17676
21014
802
11063
10401
28694
13480
11922
9295
6855
1958
2892
13615
16178
7617
22780
12049
30008
8394
26349
32261
26189
25574
22501
30132
402
5400
5183
19440
19229
32045
32633
28976
10401
2892
22085
18555
17907
11513
25690
3708
18800
27703
30692
22347
21523
439
10574
4271
11482
24330
30588
5517
32172
9264
29734
5515
6830
25737
26321
12049
11849
12823
8378
23130
134
24941
22347
22954
1978
18366
22085
17610
6902
21124
16914
17741
24928
15924
22985
19774
24637
3208
7425
9295
30720
27943
87
4982
8812
10437
21147
9573
13736
12049
12424
30143
14003
2737
25690
12801
31915
1615
11628
23227
13362
21315
12823
19775
7578
13674
1365
11747
18646
30202
29553
1377
13597
9557
26525
31687
6255
23092
2483
13681
30520
2215
25555
25574
17340
13782
14368
13972
11778
32172
8394
23605
12876
13583
18391
11922
4656
17696
925
22613
13362
510
12874
13681
5316
859
26601
4271
24775
13315
11778
5902
2834
18764
2100
9194
229
8829
9958
9264
16768
14754
3017
20075
17610
7589
31463
2737
12432
10058
15921
18192
3208
32152
27312
12865
8676
13279
17715
24708
17836
20075
23524
10401
1231
2763
26192
20584
26860
13028
12823
30938
2892
26590
24300
22921
19417
21315
25574
26525
11746
13900
3634
5183
19828
6028
14814
13705
29553
28842
22261
32142
16479
16619
1562
11020
26349
6627
3232
5701
27449
5605
7057
24184
21182
31747
26567
32055
13325
26553
9507
1743
22823
30207
7930
25840
27291
20540
25444
8012
4608
24699
327
25840
7930
6314
5361
21838
13279
13416
3959
24882
26940
11799
18074
25444
29603
26160
28469
19828
31807
13900
17437
9890
25008
29024
6314
14352
19909
8966
31733
1896
20604
31280
23524
26326
30938
19076
864
20584
5330
11212
30331
25640
1760
12874
408
29014
32554
3634
25804
4165
7924
8378
15807
867
20191
6855
17340
25272
8291
2068
13315
1978
13583
26567
2303
7144
26702
11922
4982
19692
16768
6153
28899
5330
18149
13839
4271
6830
28298
23597
2737
14668
14892
20540
20718
20350
15807
5357
11063
16814
18308
20636
18074
1743
28977
24759
3017
1105
16421
1978
12876
26913
4608
408
10696
6410
26702
1105
12876
22119
8613
31146
15021
26349
19774
1526
18999
16814
31719
3565
1411
2426
1526
8291
10068
3914
4078
26804
18421
28055
14284
24486
17321
9507
9973
5197
17459
5369
15330
22423
25555
28471
11438
16414
9003
19792
29793
29553
1615
18074
18192
128
10365
16334
32085
26080
20584
3093
8378
13900
14892
4982
2928
5258
23199
7396
28977
20966
1502
23227
28477
4890
13681
30520
13681
26972
5588
28187
17459
30720
5316
17559
123
9572
6489
30202
14411
22912
3053
10841
5701
9573
19923
1760
123
23473
18829
14003
13583
15467
1387
23740
18295
2430
5357
6525
21763
7164
11628
439
18829
27958
17715
5511
16768
19607
29625
30687
11747
26080
3031
8291
29966
32055
402
8108
15713
32152
19909
15335
2500
10841
5588
17606
20725
1067
31538
15712
5400
11013
26584
30520
16503
31026
18001
8341
26500
10068
8291
1105
17741
28984
3332
16421
11438
11156
14368
2430
24711
27958
5142
5511
12874
3017
6877
26913
20350
1411
26860
27449
2058
20636
20275
11347
25815
12090
11305
23227
4160
77
24430
695
30938
15330
87
9759
28291
2312
7164
8097
12432
29123
19607
6430
22929
2080
6877
4233
12876
11063
17179
402
15712
17285
31538
28477
3959
797
10068
17606
17610
14780
24454
1562
21523
26326
23130
24818
1562
30702
25357
16920
7321
29014
6430
5925
19620
20335
2500
27132
30794
29005
30588
23622
29246
9573
11308
3528
23575
32142
30225
3505
88
19607
867
4701
12874
9003
30794
24711
8232
20956
14814
25796
7578
6339
18460
12823
4701
7895
31905
24486
1502
8829
5483
21195
28803
15387
31146
19620
13416
5361
29227
3528
5330
7425
4656
9958
2834
32376
24928
27449
27642
17590
4890
26747
11094
18149
11766
1760
17606
4608
28976
4065
26500
31479
7373
8808
22261
17862
23597
9432
7786
10505
5966
26378
15924
5357
2058
1975
7040
5427
11778
2053
17008
5258
16414
23518
15042
25574
859
9789
1936
14754
12813
13978
19255
30164
4897
25328
24699
774
32633
25804
18469
19766
9861
31316
5966
30958
8829
11305
31103
17179
30355
3017
9573
10401
8232
20613
25574
28055
3708
2737
23605
22423
30692
32085
18149
3027
16479
6028
4271
11747
1784
3017
25574
18027
10058
11057
