-464301787
-253986692
-65077458
-729714927
-322135341
-253986692
-351881489
-342531859
-35776164
-249853781
-528490795
-155611024
-499806152
-948366399
-322281509
-211266026
-741511644
53183697
-523661161
-814670261
-857644987
-78032863
-4215880
-764811854
-904575843
-813540859
-274475908
-551573477
-212708419
-859253610
3601815
-820726601
-189601174
-84769663
-85272003
-946059417
-389131089
5230403
-111748471
-963638069
-956289586
-668215331
-39327695
-850794024
-529562157
-581183975
-527726959
41668937
-941993702
-913143860
-807981357
-204789657
-598222703
-33089211
-947950328
-76366169
-883522529
-93903458
-449027384
-783305254
-427056142
-27173066
-326954184
-729186231
-729673846
-474976514
-527853913
-786174746
-743270756
-253986692
-338230273
-951308880
-913143860
-375481536
-544895491
-111697825
-696841922
-343105230
-172141497
-290627116
-414883020
-742942244
-909466925
-127968464
-309988847
-268389480
-947950328
-615054550
-748692993
-795569642
-968224698
-981441149
-374504559
-562893491
-544895491
-436944712
-4063178
-190760529
-928370436
-57982213
-610614532
-474256980
-448270663
-221591014
-454140127
-366415296
-998348752
-686728724
-462348379
-711803287
-111748471
-926615515
-389131089
-220361705
-155611024
-185633128
-68639727
-193938088
-64747453
-939623176
-980232359
-528678536
-717192941
-939055862
-803900392
-812986716
19146652
-125065198
-831859245
-940774348
-310149727
-172141497
-270951259
-342531859
-295323422
-207274074
-595534013
-926752376
-941921615
-550781183
41668937
-867421452
-292178936
-77247935
19251565
-979868758
-88049469
-704775508
-646555778
-11168531
-574295516
-697744511
-414883020
-756106449
3601815
-926069333
-235013912
-734977274
-898846562
15780119
-844865989
-857644987
-388137733
-433148393
-797254228
-337844159
-523661161
-596199990
-909841719
-279712663
-309988847
-359417771
-908022193
-343484123
-707723469
57264017
-404742110
-752714705
-304250026
-641735810
-674800764
-785069671
-808806895
-349973517
-326954184
-299301379
-27173066
-487322837
-517158890
-412814954
-253986692
-136051377
-33318874
-65077458
-444689064
-67278979
-55709228
47332970
-576866268
-426184977
-661231237
-68639727
-186378193
32650369
-22808749
-645378608
-852400546
-197740940
-956289586
-909841719
-140817005
-340939827
-645808959
-211266026
-773586753
-155611024
-366110004
-555301135
-579814548
-24241800
-427023677
-491999041
-848388938
-910678129
-707723469
-536897370
-231998881
-220361705
-848388938
-46894294
-997379583
20456399
-685169258
-75276403
-38410340
-412148539
-814680859
-937659866
-923267872
-478042333
-155611024
-370482376
-742942244
-720370643
-157920241
-935647191
-264848997
-378168403
-5346146
-951308880
-562893491
-327752077
-313523281
-873373541
65349089
47332970
-956289586
-649728246
-268389480
-735877739
-705802891
-689522917
-43431495
-371184778
-237980305
-383663113
-82637318
-205093444
-654211265
-865260421
-567319450
-734509223
-312853344
5107288
57264017
-412148539
-406412222
-802067324
3856214
-212708419
-359417771
-436409219
-596199990
-129346637
-68741317
-783305254
-630040977
-628798551
-105936889
-506730026
-478042333
-567319450
-519601200
-67278979
-491999041
-686971201
-922448382
-345040178
-370482376
-582637173
-576169953
-345040178
-482366557
-482366557
-299406084
-917812313
-814670261
34404040
-733779082
-35776164
-807981357
59381109
-145573991
-501744062
-163127940
-641735810
-941921615
-375481536
-995887887
18195654
-205093444
-31741923
-628798551
-784741174
-338273059
-349973517
-462348379
-663240306
-657367189
-902517822
-487605400
-609427438
-891361658
-4210707
-471549397
-102357454
-797379214
-669270926
-338230273
-801851262
-820726601
-330475761
-755150436
-583713800
-948366399
-309988847
-946059417
-413781101
-583745783
-326440608
-536897370
-368927470
-54916073
-754761286
-852825117
-104984176
-998348752
-123346400
-327752077
-938058104
-174031578
-754761286
-322860659
-555737897
-67278979
-104984176
-669270926
-925039605
-454140127
-642997570
-65077458
-1172417
-840487316
-917169294
-944751022
-371184778
-635065717
-197660835
-935246198
5107288
-812986716
-728572405
-505116451
-392744002
-814670261
-775156136
-115292050
-312853344
-140319185
-4149403
-927165443
-12596182
5107288
-492531833
-948357725
-915125928
-141644208
-310149727
-604915355
-85272003
-966679560
-476203270
-434212979
7359368
-57608222
-549724344
-63970866
-514667830
-428832758
-88049469
7992212
-519848164
-892824870
-9478839
-220361705
-85107759
-923267872
-689522917
12101148
-172141497
-86515648
-541634029
-741511644
-664035707
-998027707
-207274074
-498422319
-451767441
-61033283
30133751
34404040
-282808892
-640413518
-333693411
-630040977
-12596182
-965033600
-333722615
7359368
-717192941
-736430774
-904575843
-309988847
-13478097
-995315927
-735181999
-385627462
-609561501
-158204529
-382393624
-939055862
-510134805
-598053493
-259519362
-979285460
-185633128
-93654392
-848073236
-68530854
-802067324
-68741317
-684566518
-366110004
-980232359
-35776164
-517158890
18170582
-992876854
-554534108
-249391310
-506730026
-536507189
-949670854
-4063178
-86515648
-648263858
-828491500
-395026770
-840861004
-748692993
-131255688
-399003873
-451767441
-202517794
-185670501
-169032365
-949894781
-926069333
-786539652
-677574405
-642997570
